VERSION: 1
Power Time: 697740
Place Time: 587
Wait Time: 2290
Run Time: 3282
Stop Time: 153
Idle Time: 1865
In Wait Time: 2290
Out Wait Time: 0
Trans Time: 405
Wrong Stop Time: 0
Error Stop Time: 0
Wrong Stop Count: 0
Error Stop Count: 4
Panel In Count: 0
Panel Out Count: 0
Panel Count: 66
PCB Count: 132
Error Pcb Count: 0
Skip PCB Count: 5
Operation Rate: 95.54
Placement Rate: 17.89
Mean Time/PCB: 8.89
Real Time/PCB: 5.18
Transfer Time/PCB: 6.09
Place Count: 13
[Head]
0,,254,0,254,0,0,0
0,,318,0,318,0,0,0
0,,316,0,316,0,0,0
0,,254,0,254,0,0,0
0,,254,0,254,0,0,0
0,,255,0,255,0,0,0
0,,0,0,0,0,0,0
0,,0,0,0,0,0,0
0,,0,0,0,0,0,0
0,,0,0,0,0,0,0
0,,0,0,0,0,0,0
0,,0,0,0,0,0,0

[Tape Feeder]
1F1,0,,0,0,0,0,0,0
1F2,0,,0,0,0,0,0,0
1F3,0,,0,0,0,0,0,0
1F4,0,,0,0,0,0,0,0
1F5,0,,0,0,0,0,0,0
1F6,0,,0,0,0,0,0,0
1F7,0,,0,0,0,0,0,0
1F8,0,,0,0,0,0,0,0
1F9,0,,0,0,0,0,0,0
1F10,0,,0,0,0,0,0,0
1F11,0,,0,0,0,0,0,0
1F12,0,,0,0,0,0,0,0
1F13,0,,0,0,0,0,0,0
1F14,0,,0,0,0,0,0,0
1F15,0,,0,0,0,0,0,0
1F16,0,,0,0,0,0,0,0
1F17,0,,0,0,0,0,0,0
1F18,0,,0,0,0,0,0,0
1F19,0,,0,0,0,0,0,0
1F20,0,,0,0,0,0,0,0
1F21,0,,0,0,0,0,0,0
1F22,0,,0,0,0,0,0,0
1F23,0,,0,0,0,0,0,0
1F24,0,,0,0,0,0,0,0
1F25,0,,0,0,0,0,0,0
1F26,0,,0,0,0,0,0,0
1F27,0,,0,0,0,0,0,0
1F28,0,,0,0,0,0,0,0
1F29,0,,0,0,0,0,0,0
1F30,0,,0,0,0,0,0,0
1F31,0,,0,0,0,0,0,0
1F32,16842784,CR0805-JW-151,127,0,127,0,0,0
1F33,0,,0,0,0,0,0,0
1F34,16842786,CR0805-JW-104,127,0,127,0,0,0
1F35,0,,0,0,0,0,0,0
1F36,16842788,CR0805-JW-201,127,0,127,0,0,0
1F37,0,,0,0,0,0,0,0
1F38,16842790,CR0805-JW-103,381,0,381,0,0,0
1F39,0,,0,0,0,0,0,0
1F40,16842792,IRLML2803,254,0,254,0,0,0
1F41,0,,0,0,0,0,0,0
1F42,16842794,CR0805-JW-102,254,0,254,0,0,0
1F43,0,,0,0,0,0,0,0
1F44,16842796,CR1206-JW-101,127,0,127,0,0,0
1F45,0,,0,0,0,0,0,0
1F46,16842798,CR0805-JW-362,127,0,127,0,0,0
1F47,0,,0,0,0,0,0,0
1F48,16842800,CR0805-JW-221,127,0,127,0,0,0
1F49,0,,0,0,0,0,0,0
1F50,0,,0,0,0,0,0,0
1F51,0,,0,0,0,0,0,0
1F52,0,,0,0,0,0,0,0
1F53,0,,0,0,0,0,0,0
1F54,0,,0,0,0,0,0,0
1F55,0,,0,0,0,0,0,0
1F56,0,,0,0,0,0,0,0
1F57,0,,0,0,0,0,0,0
1F58,0,,0,0,0,0,0,0
1F59,0,,0,0,0,0,0,0
1F60,0,,0,0,0,0,0,0
1F61,0,,0,0,0,0,0,0
1F62,0,,0,0,0,0,0,0
1F63,0,,0,0,0,0,0,0
1F64,0,,0,0,0,0,0,0
1F65,0,,0,0,0,0,0,0
1F66,0,,0,0,0,0,0,0
1F67,0,,0,0,0,0,0,0
1F68,0,,0,0,0,0,0,0
1F69,0,,0,0,0,0,0,0
1F70,0,,0,0,0,0,0,0
1F71,0,,0,0,0,0,0,0
1F72,0,,0,0,0,0,0,0
1F73,0,,0,0,0,0,0,0
1F74,0,,0,0,0,0,0,0
1F75,0,,0,0,0,0,0,0
1F76,0,,0,0,0,0,0,0
1F77,0,,0,0,0,0,0,0
1F78,0,,0,0,0,0,0,0
1F79,0,,0,0,0,0,0,0
1F80,0,,0,0,0,0,0,0
1F81,0,,0,0,0,0,0,0
1F82,0,,0,0,0,0,0,0
1F83,0,,0,0,0,0,0,0
1F84,0,,0,0,0,0,0,0
1F85,0,,0,0,0,0,0,0
1F86,0,,0,0,0,0,0,0
1F87,0,,0,0,0,0,0,0
1F88,0,,0,0,0,0,0,0
1F89,0,,0,0,0,0,0,0
1F90,0,,0,0,0,0,0,0
1F91,0,,0,0,0,0,0,0
1F92,0,,0,0,0,0,0,0
1F93,0,,0,0,0,0,0,0
1F94,0,,0,0,0,0,0,0
1F95,0,,0,0,0,0,0,0
1F96,0,,0,0,0,0,0,0
1F97,0,,0,0,0,0,0,0
1F98,0,,0,0,0,0,0,0
1F99,0,,0,0,0,0,0,0
1F100,0,,0,0,0,0,0,0
1F101,0,,0,0,0,0,0,0
1F102,0,,0,0,0,0,0,0
1F103,0,,0,0,0,0,0,0
1F104,0,,0,0,0,0,0,0
1F105,0,,0,0,0,0,0,0
1F106,0,,0,0,0,0,0,0
1F107,0,,0,0,0,0,0,0
1F108,0,,0,0,0,0,0,0
1F109,0,,0,0,0,0,0,0
1F110,0,,0,0,0,0,0,0
1F111,0,,0,0,0,0,0,0
1F112,0,,0,0,0,0,0,0
1F113,0,,0,0,0,0,0,0
1F114,0,,0,0,0,0,0,0
1F115,0,,0,0,0,0,0,0
1F116,0,,0,0,0,0,0,0
1F117,0,,0,0,0,0,0,0
1F118,0,,0,0,0,0,0,0
1F119,0,,0,0,0,0,0,0
1F120,0,,0,0,0,0,0,0
1F121,0,,0,0,0,0,0,0
1F122,0,,0,0,0,0,0,0
1F123,0,,0,0,0,0,0,0
1F124,0,,0,0,0,0,0,0
1F125,0,,0,0,0,0,0,0
1F126,0,,0,0,0,0,0,0
1F127,0,,0,0,0,0,0,0
1F128,0,,0,0,0,0,0,0
1R1,0,,0,0,0,0,0,0
1R2,0,,0,0,0,0,0,0
1R3,0,,0,0,0,0,0,0
1R4,0,,0,0,0,0,0,0
1R5,0,,0,0,0,0,0,0
1R6,0,,0,0,0,0,0,0
1R7,0,,0,0,0,0,0,0
1R8,0,,0,0,0,0,0,0
1R9,0,,0,0,0,0,0,0
1R10,0,,0,0,0,0,0,0
1R11,0,,0,0,0,0,0,0
1R12,0,,0,0,0,0,0,0
1R13,0,,0,0,0,0,0,0
1R14,0,,0,0,0,0,0,0
1R15,0,,0,0,0,0,0,0
1R16,0,,0,0,0,0,0,0
1R17,0,,0,0,0,0,0,0
1R18,0,,0,0,0,0,0,0
1R19,0,,0,0,0,0,0,0
1R20,0,,0,0,0,0,0,0
1R21,0,,0,0,0,0,0,0
1R22,0,,0,0,0,0,0,0
1R23,0,,0,0,0,0,0,0
1R24,0,,0,0,0,0,0,0
1R25,0,,0,0,0,0,0,0
1R26,0,,0,0,0,0,0,0
1R27,0,,0,0,0,0,0,0
1R28,0,,0,0,0,0,0,0
1R29,0,,0,0,0,0,0,0
1R30,0,,0,0,0,0,0,0
1R31,0,,0,0,0,0,0,0
1R32,0,,0,0,0,0,0,0
1R33,0,,0,0,0,0,0,0
1R34,0,,0,0,0,0,0,0
1R35,0,,0,0,0,0,0,0
1R36,0,,0,0,0,0,0,0
1R37,0,,0,0,0,0,0,0
1R38,0,,0,0,0,0,0,0
1R39,0,,0,0,0,0,0,0
1R40,0,,0,0,0,0,0,0
1R41,0,,0,0,0,0,0,0
1R42,0,,0,0,0,0,0,0
1R43,0,,0,0,0,0,0,0
1R44,0,,0,0,0,0,0,0
1R45,0,,0,0,0,0,0,0
1R46,0,,0,0,0,0,0,0
1R47,0,,0,0,0,0,0,0
1R48,0,,0,0,0,0,0,0
1R49,0,,0,0,0,0,0,0
1R50,0,,0,0,0,0,0,0
1R51,0,,0,0,0,0,0,0
1R52,0,,0,0,0,0,0,0
1R53,0,,0,0,0,0,0,0
1R54,0,,0,0,0,0,0,0
1R55,0,,0,0,0,0,0,0
1R56,0,,0,0,0,0,0,0
1R57,0,,0,0,0,0,0,0
1R58,0,,0,0,0,0,0,0
1R59,0,,0,0,0,0,0,0
1R60,0,,0,0,0,0,0,0
1R61,0,,0,0,0,0,0,0
1R62,0,,0,0,0,0,0,0
1R63,0,,0,0,0,0,0,0
1R64,0,,0,0,0,0,0,0
1R65,0,,0,0,0,0,0,0
1R66,0,,0,0,0,0,0,0
1R67,0,,0,0,0,0,0,0
1R68,0,,0,0,0,0,0,0
1R69,0,,0,0,0,0,0,0
1R70,0,,0,0,0,0,0,0
1R71,0,,0,0,0,0,0,0
1R72,0,,0,0,0,0,0,0
1R73,0,,0,0,0,0,0,0
1R74,0,,0,0,0,0,0,0
1R75,0,,0,0,0,0,0,0
1R76,0,,0,0,0,0,0,0
1R77,0,,0,0,0,0,0,0
1R78,0,,0,0,0,0,0,0
1R79,0,,0,0,0,0,0,0
1R80,0,,0,0,0,0,0,0
1R81,0,,0,0,0,0,0,0
1R82,0,,0,0,0,0,0,0
1R83,0,,0,0,0,0,0,0
1R84,0,,0,0,0,0,0,0
1R85,0,,0,0,0,0,0,0
1R86,0,,0,0,0,0,0,0
1R87,0,,0,0,0,0,0,0
1R88,0,,0,0,0,0,0,0
1R89,0,,0,0,0,0,0,0
1R90,0,,0,0,0,0,0,0
1R91,0,,0,0,0,0,0,0
1R92,0,,0,0,0,0,0,0
1R93,0,,0,0,0,0,0,0
1R94,0,,0,0,0,0,0,0
1R95,0,,0,0,0,0,0,0
1R96,0,,0,0,0,0,0,0
1R97,0,,0,0,0,0,0,0
1R98,0,,0,0,0,0,0,0
1R99,0,,0,0,0,0,0,0
1R100,0,,0,0,0,0,0,0
1R101,0,,0,0,0,0,0,0
1R102,0,,0,0,0,0,0,0
1R103,0,,0,0,0,0,0,0
1R104,0,,0,0,0,0,0,0
1R105,0,,0,0,0,0,0,0
1R106,0,,0,0,0,0,0,0
1R107,0,,0,0,0,0,0,0
1R108,0,,0,0,0,0,0,0
1R109,0,,0,0,0,0,0,0
1R110,0,,0,0,0,0,0,0
1R111,0,,0,0,0,0,0,0
1R112,0,,0,0,0,0,0,0
1R113,0,,0,0,0,0,0,0
1R114,0,,0,0,0,0,0,0
1R115,0,,0,0,0,0,0,0
1R116,0,,0,0,0,0,0,0
1R117,0,,0,0,0,0,0,0
1R118,0,,0,0,0,0,0,0
1R119,0,,0,0,0,0,0,0
1R120,0,,0,0,0,0,0,0
1R121,0,,0,0,0,0,0,0
1R122,0,,0,0,0,0,0,0
1R123,0,,0,0,0,0,0,0
1R124,0,,0,0,0,0,0,0
1R125,0,,0,0,0,0,0,0
1R126,0,,0,0,0,0,0,0
1R127,0,,0,0,0,0,0,0
1R128,0,,0,0,0,0,0,0
2F1,0,,0,0,0,0,0,0
2F2,0,,0,0,0,0,0,0
2F3,0,,0,0,0,0,0,0
2F4,0,,0,0,0,0,0,0
2F5,0,,0,0,0,0,0,0
2F6,0,,0,0,0,0,0,0
2F7,0,,0,0,0,0,0,0
2F8,0,,0,0,0,0,0,0
2F9,0,,0,0,0,0,0,0
2F10,0,,0,0,0,0,0,0
2F11,0,,0,0,0,0,0,0
2F12,0,,0,0,0,0,0,0
2F13,0,,0,0,0,0,0,0
2F14,0,,0,0,0,0,0,0
2F15,0,,0,0,0,0,0,0
2F16,0,,0,0,0,0,0,0
2F17,0,,0,0,0,0,0,0
2F18,0,,0,0,0,0,0,0
2F19,0,,0,0,0,0,0,0
2F20,0,,0,0,0,0,0,0
2F21,0,,0,0,0,0,0,0
2F22,0,,0,0,0,0,0,0
2F23,0,,0,0,0,0,0,0
2F24,0,,0,0,0,0,0,0
2F25,0,,0,0,0,0,0,0
2F26,0,,0,0,0,0,0,0
2F27,0,,0,0,0,0,0,0
2F28,0,,0,0,0,0,0,0
2F29,0,,0,0,0,0,0,0
2F30,0,,0,0,0,0,0,0
2F31,0,,0,0,0,0,0,0
2F32,0,,0,0,0,0,0,0
2F33,0,,0,0,0,0,0,0
2F34,0,,0,0,0,0,0,0
2F35,0,,0,0,0,0,0,0
2F36,0,,0,0,0,0,0,0
2F37,0,,0,0,0,0,0,0
2F38,0,,0,0,0,0,0,0
2F39,0,,0,0,0,0,0,0
2F40,0,,0,0,0,0,0,0
2F41,0,,0,0,0,0,0,0
2F42,0,,0,0,0,0,0,0
2F43,0,,0,0,0,0,0,0
2F44,0,,0,0,0,0,0,0
2F45,0,,0,0,0,0,0,0
2F46,0,,0,0,0,0,0,0
2F47,0,,0,0,0,0,0,0
2F48,0,,0,0,0,0,0,0
2F49,0,,0,0,0,0,0,0
2F50,0,,0,0,0,0,0,0
2F51,0,,0,0,0,0,0,0
2F52,0,,0,0,0,0,0,0
2F53,0,,0,0,0,0,0,0
2F54,0,,0,0,0,0,0,0
2F55,0,,0,0,0,0,0,0
2F56,0,,0,0,0,0,0,0
2F57,0,,0,0,0,0,0,0
2F58,0,,0,0,0,0,0,0
2F59,0,,0,0,0,0,0,0
2F60,0,,0,0,0,0,0,0
2F61,0,,0,0,0,0,0,0
2F62,0,,0,0,0,0,0,0
2F63,0,,0,0,0,0,0,0
2F64,0,,0,0,0,0,0,0
2F65,0,,0,0,0,0,0,0
2F66,0,,0,0,0,0,0,0
2F67,0,,0,0,0,0,0,0
2F68,0,,0,0,0,0,0,0
2F69,0,,0,0,0,0,0,0
2F70,0,,0,0,0,0,0,0
2F71,0,,0,0,0,0,0,0
2F72,0,,0,0,0,0,0,0
2F73,0,,0,0,0,0,0,0
2F74,0,,0,0,0,0,0,0
2F75,0,,0,0,0,0,0,0
2F76,0,,0,0,0,0,0,0
2F77,0,,0,0,0,0,0,0
2F78,0,,0,0,0,0,0,0
2F79,0,,0,0,0,0,0,0
2F80,0,,0,0,0,0,0,0
2F81,0,,0,0,0,0,0,0
2F82,0,,0,0,0,0,0,0
2F83,0,,0,0,0,0,0,0
2F84,0,,0,0,0,0,0,0
2F85,0,,0,0,0,0,0,0
2F86,0,,0,0,0,0,0,0
2F87,0,,0,0,0,0,0,0
2F88,0,,0,0,0,0,0,0
2F89,0,,0,0,0,0,0,0
2F90,0,,0,0,0,0,0,0
2F91,0,,0,0,0,0,0,0
2F92,0,,0,0,0,0,0,0
2F93,0,,0,0,0,0,0,0
2F94,0,,0,0,0,0,0,0
2F95,0,,0,0,0,0,0,0
2F96,0,,0,0,0,0,0,0
2F97,0,,0,0,0,0,0,0
2F98,0,,0,0,0,0,0,0
2F99,0,,0,0,0,0,0,0
2F100,0,,0,0,0,0,0,0
2F101,0,,0,0,0,0,0,0
2F102,0,,0,0,0,0,0,0
2F103,0,,0,0,0,0,0,0
2F104,0,,0,0,0,0,0,0
2F105,0,,0,0,0,0,0,0
2F106,0,,0,0,0,0,0,0
2F107,0,,0,0,0,0,0,0
2F108,0,,0,0,0,0,0,0
2F109,0,,0,0,0,0,0,0
2F110,0,,0,0,0,0,0,0
2F111,0,,0,0,0,0,0,0
2F112,0,,0,0,0,0,0,0
2F113,0,,0,0,0,0,0,0
2F114,0,,0,0,0,0,0,0
2F115,0,,0,0,0,0,0,0
2F116,0,,0,0,0,0,0,0
2F117,0,,0,0,0,0,0,0
2F118,0,,0,0,0,0,0,0
2F119,0,,0,0,0,0,0,0
2F120,0,,0,0,0,0,0,0
2F121,0,,0,0,0,0,0,0
2F122,0,,0,0,0,0,0,0
2F123,0,,0,0,0,0,0,0
2F124,0,,0,0,0,0,0,0
2F125,0,,0,0,0,0,0,0
2F126,0,,0,0,0,0,0,0
2F127,0,,0,0,0,0,0,0
2F128,0,,0,0,0,0,0,0
2R1,0,,0,0,0,0,0,0
2R2,0,,0,0,0,0,0,0
2R3,0,,0,0,0,0,0,0
2R4,0,,0,0,0,0,0,0
2R5,0,,0,0,0,0,0,0
2R6,0,,0,0,0,0,0,0
2R7,0,,0,0,0,0,0,0
2R8,0,,0,0,0,0,0,0
2R9,0,,0,0,0,0,0,0
2R10,0,,0,0,0,0,0,0
2R11,0,,0,0,0,0,0,0
2R12,0,,0,0,0,0,0,0
2R13,0,,0,0,0,0,0,0
2R14,0,,0,0,0,0,0,0
2R15,0,,0,0,0,0,0,0
2R16,0,,0,0,0,0,0,0
2R17,0,,0,0,0,0,0,0
2R18,0,,0,0,0,0,0,0
2R19,0,,0,0,0,0,0,0
2R20,0,,0,0,0,0,0,0
2R21,0,,0,0,0,0,0,0
2R22,0,,0,0,0,0,0,0
2R23,0,,0,0,0,0,0,0
2R24,0,,0,0,0,0,0,0
2R25,0,,0,0,0,0,0,0
2R26,0,,0,0,0,0,0,0
2R27,0,,0,0,0,0,0,0
2R28,0,,0,0,0,0,0,0
2R29,0,,0,0,0,0,0,0
2R30,0,,0,0,0,0,0,0
2R31,0,,0,0,0,0,0,0
2R32,0,,0,0,0,0,0,0
2R33,0,,0,0,0,0,0,0
2R34,0,,0,0,0,0,0,0
2R35,0,,0,0,0,0,0,0
2R36,0,,0,0,0,0,0,0
2R37,0,,0,0,0,0,0,0
2R38,0,,0,0,0,0,0,0
2R39,0,,0,0,0,0,0,0
2R40,0,,0,0,0,0,0,0
2R41,0,,0,0,0,0,0,0
2R42,0,,0,0,0,0,0,0
2R43,0,,0,0,0,0,0,0
2R44,0,,0,0,0,0,0,0
2R45,0,,0,0,0,0,0,0
2R46,0,,0,0,0,0,0,0
2R47,0,,0,0,0,0,0,0
2R48,0,,0,0,0,0,0,0
2R49,0,,0,0,0,0,0,0
2R50,0,,0,0,0,0,0,0
2R51,0,,0,0,0,0,0,0
2R52,0,,0,0,0,0,0,0
2R53,0,,0,0,0,0,0,0
2R54,0,,0,0,0,0,0,0
2R55,0,,0,0,0,0,0,0
2R56,0,,0,0,0,0,0,0
2R57,0,,0,0,0,0,0,0
2R58,0,,0,0,0,0,0,0
2R59,0,,0,0,0,0,0,0
2R60,0,,0,0,0,0,0,0
2R61,0,,0,0,0,0,0,0
2R62,0,,0,0,0,0,0,0
2R63,0,,0,0,0,0,0,0
2R64,0,,0,0,0,0,0,0
2R65,0,,0,0,0,0,0,0
2R66,0,,0,0,0,0,0,0
2R67,0,,0,0,0,0,0,0
2R68,0,,0,0,0,0,0,0
2R69,0,,0,0,0,0,0,0
2R70,0,,0,0,0,0,0,0
2R71,0,,0,0,0,0,0,0
2R72,0,,0,0,0,0,0,0
2R73,0,,0,0,0,0,0,0
2R74,0,,0,0,0,0,0,0
2R75,0,,0,0,0,0,0,0
2R76,0,,0,0,0,0,0,0
2R77,0,,0,0,0,0,0,0
2R78,0,,0,0,0,0,0,0
2R79,0,,0,0,0,0,0,0
2R80,0,,0,0,0,0,0,0
2R81,0,,0,0,0,0,0,0
2R82,0,,0,0,0,0,0,0
2R83,0,,0,0,0,0,0,0
2R84,0,,0,0,0,0,0,0
2R85,0,,0,0,0,0,0,0
2R86,0,,0,0,0,0,0,0
2R87,0,,0,0,0,0,0,0
2R88,0,,0,0,0,0,0,0
2R89,0,,0,0,0,0,0,0
2R90,0,,0,0,0,0,0,0
2R91,0,,0,0,0,0,0,0
2R92,0,,0,0,0,0,0,0
2R93,0,,0,0,0,0,0,0
2R94,0,,0,0,0,0,0,0
2R95,0,,0,0,0,0,0,0
2R96,0,,0,0,0,0,0,0
2R97,0,,0,0,0,0,0,0
2R98,0,,0,0,0,0,0,0
2R99,0,,0,0,0,0,0,0
2R100,0,,0,0,0,0,0,0
2R101,0,,0,0,0,0,0,0
2R102,0,,0,0,0,0,0,0
2R103,0,,0,0,0,0,0,0
2R104,0,,0,0,0,0,0,0
2R105,0,,0,0,0,0,0,0
2R106,0,,0,0,0,0,0,0
2R107,0,,0,0,0,0,0,0
2R108,0,,0,0,0,0,0,0
2R109,0,,0,0,0,0,0,0
2R110,0,,0,0,0,0,0,0
2R111,0,,0,0,0,0,0,0
2R112,0,,0,0,0,0,0,0
2R113,0,,0,0,0,0,0,0
2R114,0,,0,0,0,0,0,0
2R115,0,,0,0,0,0,0,0
2R116,0,,0,0,0,0,0,0
2R117,0,,0,0,0,0,0,0
2R118,0,,0,0,0,0,0,0
2R119,0,,0,0,0,0,0,0
2R120,0,,0,0,0,0,0,0
2R121,0,,0,0,0,0,0,0
2R122,0,,0,0,0,0,0,0
2R123,0,,0,0,0,0,0,0
2R124,0,,0,0,0,0,0,0
2R125,0,,0,0,0,0,0,0
2R126,0,,0,0,0,0,0,0
2R127,0,,0,0,0,0,0,0
2R128,0,,0,0,0,0,0,0

[Stick Feeder]
0,,0,0,0,0,0,0
0,,0,0,0,0,0,0
0,,0,0,0,0,0,0
0,,0,0,0,0,0,0
0,,0,0,0,0,0,0
0,,0,0,0,0,0,0
0,,0,0,0,0,0,0
0,,0,0,0,0,0,0
0,,0,0,0,0,0,0
0,,0,0,0,0,0,0
0,,0,0,0,0,0,0
0,,0,0,0,0,0,0
0,,0,0,0,0,0,0
0,,0,0,0,0,0,0
0,,0,0,0,0,0,0
0,,0,0,0,0,0,0
0,,0,0,0,0,0,0
0,,0,0,0,0,0,0
0,,0,0,0,0,0,0
0,,0,0,0,0,0,0
0,,0,0,0,0,0,0
0,,0,0,0,0,0,0
0,,0,0,0,0,0,0
0,,0,0,0,0,0,0
0,,0,0,0,0,0,0
0,,0,0,0,0,0,0
0,,0,0,0,0,0,0
0,,0,0,0,0,0,0
0,,0,0,0,0,0,0
0,,0,0,0,0,0,0
0,,0,0,0,0,0,0
0,,0,0,0,0,0,0
0,,0,0,0,0,0,0
0,,0,0,0,0,0,0
0,,0,0,0,0,0,0
0,,0,0,0,0,0,0
0,,0,0,0,0,0,0
0,,0,0,0,0,0,0
0,,0,0,0,0,0,0
0,,0,0,0,0,0,0
0,,0,0,0,0,0,0
0,,0,0,0,0,0,0
0,,0,0,0,0,0,0
0,,0,0,0,0,0,0
0,,0,0,0,0,0,0
0,,0,0,0,0,0,0
0,,0,0,0,0,0,0
0,,0,0,0,0,0,0
0,,0,0,0,0,0,0
0,,0,0,0,0,0,0
0,,0,0,0,0,0,0
0,,0,0,0,0,0,0
0,,0,0,0,0,0,0
0,,0,0,0,0,0,0
0,,0,0,0,0,0,0
0,,0,0,0,0,0,0
0,,0,0,0,0,0,0
0,,0,0,0,0,0,0
0,,0,0,0,0,0,0
0,,0,0,0,0,0,0
0,,0,0,0,0,0,0
0,,0,0,0,0,0,0
0,,0,0,0,0,0,0
0,,0,0,0,0,0,0
0,,0,0,0,0,0,0
0,,0,0,0,0,0,0
0,,0,0,0,0,0,0
0,,0,0,0,0,0,0
0,,0,0,0,0,0,0
0,,0,0,0,0,0,0
0,,0,0,0,0,0,0
0,,0,0,0,0,0,0
0,,0,0,0,0,0,0
0,,0,0,0,0,0,0
0,,0,0,0,0,0,0
0,,0,0,0,0,0,0
0,,0,0,0,0,0,0
0,,0,0,0,0,0,0
0,,0,0,0,0,0,0
0,,0,0,0,0,0,0
0,,0,0,0,0,0,0
0,,0,0,0,0,0,0
0,,0,0,0,0,0,0
0,,0,0,0,0,0,0
0,,0,0,0,0,0,0
0,,0,0,0,0,0,0
0,,0,0,0,0,0,0
0,,0,0,0,0,0,0
0,,0,0,0,0,0,0
0,,0,0,0,0,0,0
0,,0,0,0,0,0,0
0,,0,0,0,0,0,0
0,,0,0,0,0,0,0
0,,0,0,0,0,0,0
0,,0,0,0,0,0,0
0,,0,0,0,0,0,0
0,,0,0,0,0,0,0
0,,0,0,0,0,0,0
0,,0,0,0,0,0,0
0,,0,0,0,0,0,0
0,,0,0,0,0,0,0
0,,0,0,0,0,0,0
0,,0,0,0,0,0,0
0,,0,0,0,0,0,0
0,,0,0,0,0,0,0
0,,0,0,0,0,0,0
0,,0,0,0,0,0,0
0,,0,0,0,0,0,0
0,,0,0,0,0,0,0
0,,0,0,0,0,0,0
0,,0,0,0,0,0,0
0,,0,0,0,0,0,0
0,,0,0,0,0,0,0
0,,0,0,0,0,0,0
0,,0,0,0,0,0,0
0,,0,0,0,0,0,0
0,,0,0,0,0,0,0
0,,0,0,0,0,0,0
0,,0,0,0,0,0,0
0,,0,0,0,0,0,0
0,,0,0,0,0,0,0
0,,0,0,0,0,0,0
0,,0,0,0,0,0,0
0,,0,0,0,0,0,0
0,,0,0,0,0,0,0
0,,0,0,0,0,0,0
0,,0,0,0,0,0,0
0,,0,0,0,0,0,0

[Tray Feeder]
0,,0,0,0,0,0,0
0,,0,0,0,0,0,0
0,,0,0,0,0,0,0
0,,0,0,0,0,0,0
0,,0,0,0,0,0,0
0,,0,0,0,0,0,0
0,,0,0,0,0,0,0
0,,0,0,0,0,0,0
0,,0,0,0,0,0,0
0,,0,0,0,0,0,0
0,,0,0,0,0,0,0
0,,0,0,0,0,0,0
0,,0,0,0,0,0,0
0,,0,0,0,0,0,0
0,,0,0,0,0,0,0
0,,0,0,0,0,0,0
0,,0,0,0,0,0,0
0,,0,0,0,0,0,0
0,,0,0,0,0,0,0
0,,0,0,0,0,0,0
0,,0,0,0,0,0,0
0,,0,0,0,0,0,0
0,,0,0,0,0,0,0
0,,0,0,0,0,0,0
0,,0,0,0,0,0,0
0,,0,0,0,0,0,0
0,,0,0,0,0,0,0
0,,0,0,0,0,0,0
0,,0,0,0,0,0,0
0,,0,0,0,0,0,0
0,,0,0,0,0,0,0
0,,0,0,0,0,0,0
0,,0,0,0,0,0,0
0,,0,0,0,0,0,0
0,,0,0,0,0,0,0
0,,0,0,0,0,0,0
0,,0,0,0,0,0,0
0,,0,0,0,0,0,0
0,,0,0,0,0,0,0
0,,0,0,0,0,0,0
0,,0,0,0,0,0,0
0,,0,0,0,0,0,0
0,,0,0,0,0,0,0
0,,0,0,0,0,0,0
0,,0,0,0,0,0,0
0,,0,0,0,0,0,0
0,,0,0,0,0,0,0
0,,0,0,0,0,0,0
0,,0,0,0,0,0,0
0,,0,0,0,0,0,0
0,,0,0,0,0,0,0
0,,0,0,0,0,0,0
0,,0,0,0,0,0,0
0,,0,0,0,0,0,0
0,,0,0,0,0,0,0
0,,0,0,0,0,0,0
0,,0,0,0,0,0,0
0,,0,0,0,0,0,0
0,,0,0,0,0,0,0
0,,0,0,0,0,0,0
0,,0,0,0,0,0,0
0,,0,0,0,0,0,0
0,,0,0,0,0,0,0
0,,0,0,0,0,0,0
0,,0,0,0,0,0,0
0,,0,0,0,0,0,0
0,,0,0,0,0,0,0
0,,0,0,0,0,0,0
0,,0,0,0,0,0,0
0,,0,0,0,0,0,0
0,,0,0,0,0,0,0
0,,0,0,0,0,0,0
0,,0,0,0,0,0,0
0,,0,0,0,0,0,0
0,,0,0,0,0,0,0
0,,0,0,0,0,0,0
0,,0,0,0,0,0,0
0,,0,0,0,0,0,0
0,,0,0,0,0,0,0
0,,0,0,0,0,0,0
0,,0,0,0,0,0,0
0,,0,0,0,0,0,0
0,,0,0,0,0,0,0
0,,0,0,0,0,0,0
0,,0,0,0,0,0,0
0,,0,0,0,0,0,0
0,,0,0,0,0,0,0
0,,0,0,0,0,0,0
0,,0,0,0,0,0,0
0,,0,0,0,0,0,0
0,,0,0,0,0,0,0
0,,0,0,0,0,0,0
0,,0,0,0,0,0,0
0,,0,0,0,0,0,0
0,,0,0,0,0,0,0
0,,0,0,0,0,0,0
0,,0,0,0,0,0,0
0,,0,0,0,0,0,0
0,,0,0,0,0,0,0
0,,0,0,0,0,0,0
0,,0,0,0,0,0,0
0,,0,0,0,0,0,0
0,,0,0,0,0,0,0
0,,0,0,0,0,0,0
0,,0,0,0,0,0,0
0,,0,0,0,0,0,0
0,,0,0,0,0,0,0
0,,0,0,0,0,0,0
0,,0,0,0,0,0,0
0,,0,0,0,0,0,0
0,,0,0,0,0,0,0
0,,0,0,0,0,0,0
0,,0,0,0,0,0,0
0,,0,0,0,0,0,0
0,,0,0,0,0,0,0
0,,0,0,0,0,0,0
0,,0,0,0,0,0,0
0,,0,0,0,0,0,0
0,,0,0,0,0,0,0
0,,0,0,0,0,0,0
0,,0,0,0,0,0,0
0,,0,0,0,0,0,0
0,,0,0,0,0,0,0
0,,0,0,0,0,0,0
0,,0,0,0,0,0,0
0,,0,0,0,0,0,0
0,,0,0,0,0,0,0
0,,0,0,0,0,0,0
0,,0,0,0,0,0,0
0,,0,0,0,0,0,0
0,,0,0,0,0,0,0
0,,0,0,0,0,0,0
0,,0,0,0,0,0,0
0,,0,0,0,0,0,0
0,,0,0,0,0,0,0
0,,0,0,0,0,0,0
0,,0,0,0,0,0,0
0,,0,0,0,0,0,0
0,,0,0,0,0,0,0
0,,0,0,0,0,0,0
0,,0,0,0,0,0,0
0,,0,0,0,0,0,0
0,,0,0,0,0,0,0
0,,0,0,0,0,0,0
0,,0,0,0,0,0,0
0,,0,0,0,0,0,0
0,,0,0,0,0,0,0
0,,0,0,0,0,0,0
0,,0,0,0,0,0,0
0,,0,0,0,0,0,0
0,,0,0,0,0,0,0
0,,0,0,0,0,0,0
0,,0,0,0,0,0,0
0,,0,0,0,0,0,0
0,,0,0,0,0,0,0
0,,0,0,0,0,0,0
0,,0,0,0,0,0,0
0,,0,0,0,0,0,0
0,,0,0,0,0,0,0
0,,0,0,0,0,0,0
0,,0,0,0,0,0,0
0,,0,0,0,0,0,0
0,,0,0,0,0,0,0
0,,0,0,0,0,0,0
0,,0,0,0,0,0,0
0,,0,0,0,0,0,0
0,,0,0,0,0,0,0
0,,0,0,0,0,0,0
0,,0,0,0,0,0,0
0,,0,0,0,0,0,0
0,,0,0,0,0,0,0
0,,0,0,0,0,0,0
0,,0,0,0,0,0,0
0,,0,0,0,0,0,0
0,,0,0,0,0,0,0
0,,0,0,0,0,0,0
0,,0,0,0,0,0,0
0,,0,0,0,0,0,0
0,,0,0,0,0,0,0
0,,0,0,0,0,0,0
0,,0,0,0,0,0,0
0,,0,0,0,0,0,0
0,,0,0,0,0,0,0
0,,0,0,0,0,0,0
0,,0,0,0,0,0,0
0,,0,0,0,0,0,0
0,,0,0,0,0,0,0
0,,0,0,0,0,0,0
0,,0,0,0,0,0,0
0,,0,0,0,0,0,0
0,,0,0,0,0,0,0
0,,0,0,0,0,0,0
0,,0,0,0,0,0,0
0,,0,0,0,0,0,0
0,,0,0,0,0,0,0
0,,0,0,0,0,0,0
0,,0,0,0,0,0,0
0,,0,0,0,0,0,0
0,,0,0,0,0,0,0
0,,0,0,0,0,0,0
0,,0,0,0,0,0,0
0,,0,0,0,0,0,0
0,,0,0,0,0,0,0
0,,0,0,0,0,0,0
0,,0,0,0,0,0,0
0,,0,0,0,0,0,0
0,,0,0,0,0,0,0
0,,0,0,0,0,0,0
0,,0,0,0,0,0,0
0,,0,0,0,0,0,0
0,,0,0,0,0,0,0
0,,0,0,0,0,0,0
0,,0,0,0,0,0,0
0,,0,0,0,0,0,0
0,,0,0,0,0,0,0
0,,0,0,0,0,0,0
0,,0,0,0,0,0,0
0,,0,0,0,0,0,0
0,,0,0,0,0,0,0
0,,0,0,0,0,0,0
0,,0,0,0,0,0,0
0,,0,0,0,0,0,0
0,,0,0,0,0,0,0
0,,0,0,0,0,0,0
0,,0,0,0,0,0,0
0,,0,0,0,0,0,0
0,,0,0,0,0,0,0
0,,0,0,0,0,0,0
0,,0,0,0,0,0,0
0,,0,0,0,0,0,0
0,,0,0,0,0,0,0
0,,0,0,0,0,0,0
0,,0,0,0,0,0,0
0,,0,0,0,0,0,0
0,,0,0,0,0,0,0
0,,0,0,0,0,0,0
0,,0,0,0,0,0,0
0,,0,0,0,0,0,0
0,,0,0,0,0,0,0
0,,0,0,0,0,0,0
0,,0,0,0,0,0,0
0,,0,0,0,0,0,0
0,,0,0,0,0,0,0
0,,0,0,0,0,0,0
0,,0,0,0,0,0,0
0,,0,0,0,0,0,0
0,,0,0,0,0,0,0
0,,0,0,0,0,0,0
0,,0,0,0,0,0,0
0,,0,0,0,0,0,0
0,,0,0,0,0,0,0
0,,0,0,0,0,0,0
0,,0,0,0,0,0,0
0,,0,0,0,0,0,0
0,,0,0,0,0,0,0
0,,0,0,0,0,0,0
0,,0,0,0,0,0,0
0,,0,0,0,0,0,0
0,,0,0,0,0,0,0
0,,0,0,0,0,0,0
0,,0,0,0,0,0,0
0,,0,0,0,0,0,0
0,,0,0,0,0,0,0
0,,0,0,0,0,0,0
0,,0,0,0,0,0,0
0,,0,0,0,0,0,0
0,,0,0,0,0,0,0
0,,0,0,0,0,0,0
0,,0,0,0,0,0,0
0,,0,0,0,0,0,0
0,,0,0,0,0,0,0
0,,0,0,0,0,0,0
0,,0,0,0,0,0,0
0,,0,0,0,0,0,0
0,,0,0,0,0,0,0
0,,0,0,0,0,0,0
0,,0,0,0,0,0,0
0,,0,0,0,0,0,0
0,,0,0,0,0,0,0
0,,0,0,0,0,0,0
0,,0,0,0,0,0,0
0,,0,0,0,0,0,0
0,,0,0,0,0,0,0
0,,0,0,0,0,0,0
0,,0,0,0,0,0,0
0,,0,0,0,0,0,0
0,,0,0,0,0,0,0
0,,0,0,0,0,0,0
0,,0,0,0,0,0,0
0,,0,0,0,0,0,0
0,,0,0,0,0,0,0
0,,0,0,0,0,0,0
0,,0,0,0,0,0,0
0,,0,0,0,0,0,0
0,,0,0,0,0,0,0
0,,0,0,0,0,0,0
0,,0,0,0,0,0,0
0,,0,0,0,0,0,0
0,,0,0,0,0,0,0
0,,0,0,0,0,0,0
0,,0,0,0,0,0,0
0,,0,0,0,0,0,0
0,,0,0,0,0,0,0
0,,0,0,0,0,0,0
0,,0,0,0,0,0,0
0,,0,0,0,0,0,0
0,,0,0,0,0,0,0
0,,0,0,0,0,0,0
0,,0,0,0,0,0,0
0,,0,0,0,0,0,0
0,,0,0,0,0,0,0
0,,0,0,0,0,0,0
0,,0,0,0,0,0,0
0,,0,0,0,0,0,0
0,,0,0,0,0,0,0
0,,0,0,0,0,0,0
0,,0,0,0,0,0,0
0,,0,0,0,0,0,0
0,,0,0,0,0,0,0
0,,0,0,0,0,0,0
0,,0,0,0,0,0,0
0,,0,0,0,0,0,0
0,,0,0,0,0,0,0
0,,0,0,0,0,0,0
0,,0,0,0,0,0,0
0,,0,0,0,0,0,0
0,,0,0,0,0,0,0
0,,0,0,0,0,0,0
0,,0,0,0,0,0,0
0,,0,0,0,0,0,0
0,,0,0,0,0,0,0
0,,0,0,0,0,0,0
0,,0,0,0,0,0,0
0,,0,0,0,0,0,0
0,,0,0,0,0,0,0
0,,0,0,0,0,0,0
0,,0,0,0,0,0,0
0,,0,0,0,0,0,0
0,,0,0,0,0,0,0
0,,0,0,0,0,0,0
0,,0,0,0,0,0,0
0,,0,0,0,0,0,0
0,,0,0,0,0,0,0
0,,0,0,0,0,0,0
0,,0,0,0,0,0,0
0,,0,0,0,0,0,0
0,,0,0,0,0,0,0
0,,0,0,0,0,0,0
0,,0,0,0,0,0,0
0,,0,0,0,0,0,0
0,,0,0,0,0,0,0
0,,0,0,0,0,0,0
0,,0,0,0,0,0,0
0,,0,0,0,0,0,0
0,,0,0,0,0,0,0
0,,0,0,0,0,0,0
0,,0,0,0,0,0,0
0,,0,0,0,0,0,0
0,,0,0,0,0,0,0
0,,0,0,0,0,0,0
0,,0,0,0,0,0,0
0,,0,0,0,0,0,0
0,,0,0,0,0,0,0
0,,0,0,0,0,0,0
0,,0,0,0,0,0,0
0,,0,0,0,0,0,0
0,,0,0,0,0,0,0
0,,0,0,0,0,0,0
0,,0,0,0,0,0,0
0,,0,0,0,0,0,0
0,,0,0,0,0,0,0
0,,0,0,0,0,0,0
0,,0,0,0,0,0,0
0,,0,0,0,0,0,0
0,,0,0,0,0,0,0
0,,0,0,0,0,0,0
0,,0,0,0,0,0,0
0,,0,0,0,0,0,0
0,,0,0,0,0,0,0
0,,0,0,0,0,0,0
0,,0,0,0,0,0,0
0,,0,0,0,0,0,0
0,,0,0,0,0,0,0
0,,0,0,0,0,0,0
0,,0,0,0,0,0,0
0,,0,0,0,0,0,0
0,,0,0,0,0,0,0
0,,0,0,0,0,0,0
0,,0,0,0,0,0,0
0,,0,0,0,0,0,0
0,,0,0,0,0,0,0
0,,0,0,0,0,0,0
0,,0,0,0,0,0,0
0,,0,0,0,0,0,0
0,,0,0,0,0,0,0
0,,0,0,0,0,0,0
0,,0,0,0,0,0,0
0,,0,0,0,0,0,0
0,,0,0,0,0,0,0
0,,0,0,0,0,0,0

[Nozzle]
0,,0,0,0,0,0,0
1,CN400N,0,0,0,0,0,0
2,,0,0,0,0,0,0
3,CN400N,0,0,0,0,0,0
4,,0,0,0,0,0,0
5,CN400N,0,0,0,0,0,0
6,,0,0,0,0,0,0
7,CN400N,0,0,0,0,0,0
8,,0,0,0,0,0,0
9,CN400N,0,0,0,0,0,0
10,,0,0,0,0,0,0
11,CN750,0,0,0,0,0,0
12,,0,0,0,0,0,0
13,CN040,0,0,0,0,0,0
14,CN140,0,0,0,0,0,0
15,CN065,254,0,254,0,0,0
16,CN220,0,0,0,0,0,0
17,CN220,0,0,0,0,0,0
18,CN220,0,0,0,0,0,0
19,CN065,318,0,318,0,0,0
20,CN220,0,0,0,0,0,0
21,CN220,0,0,0,0,0,0
22,CN020,0,0,0,0,0,0
23,CN065,316,0,316,0,0,0
24,CN140,0,0,0,0,0,0
25,CN220,0,0,0,0,0,0
26,CN020,0,0,0,0,0,0
27,CN065,254,0,254,0,0,0
28,CN040,0,0,0,0,0,0
29,CN140,0,0,0,0,0,0
30,CN040,0,0,0,0,0,0
31,CN065,254,0,254,0,0,0
32,CN040,0,0,0,0,0,0
33,CN040,0,0,0,0,0,0
34,CN040,0,0,0,0,0,0
35,CN065,255,0,255,0,0,0
36,CN030,0,0,0,0,0,0
0,,0,0,0,0,0,0
0,,0,0,0,0,0,0
0,,0,0,0,0,0,0
0,,0,0,0,0,0,0
0,,0,0,0,0,0,0
0,,0,0,0,0,0,0
0,,0,0,0,0,0,0
0,,0,0,0,0,0,0
0,,0,0,0,0,0,0
0,,0,0,0,0,0,0
0,,0,0,0,0,0,0
0,,0,0,0,0,0,0
0,,0,0,0,0,0,0
0,,0,0,0,0,0,0
0,,0,0,0,0,0,0
0,,0,0,0,0,0,0
0,,0,0,0,0,0,0
0,,0,0,0,0,0,0
0,,0,0,0,0,0,0
0,,0,0,0,0,0,0
0,,0,0,0,0,0,0
0,,0,0,0,0,0,0
0,,0,0,0,0,0,0
0,,0,0,0,0,0,0
0,,0,0,0,0,0,0
0,,0,0,0,0,0,0
0,,0,0,0,0,0,0
0,,0,0,0,0,0,0
0,,0,0,0,0,0,0
0,,0,0,0,0,0,0
0,,0,0,0,0,0,0
0,,0,0,0,0,0,0
0,,0,0,0,0,0,0
0,,0,0,0,0,0,0
0,,0,0,0,0,0,0
0,,0,0,0,0,0,0
0,,0,0,0,0,0,0
0,,0,0,0,0,0,0
0,,0,0,0,0,0,0
0,,0,0,0,0,0,0
0,,0,0,0,0,0,0
0,,0,0,0,0,0,0
0,,0,0,0,0,0,0
0,,0,0,0,0,0,0
0,,0,0,0,0,0,0
0,,0,0,0,0,0,0
0,,0,0,0,0,0,0
0,,0,0,0,0,0,0
0,,0,0,0,0,0,0
0,,0,0,0,0,0,0
0,,0,0,0,0,0,0
0,,0,0,0,0,0,0
0,,0,0,0,0,0,0
0,,0,0,0,0,0,0
0,,0,0,0,0,0,0
0,,0,0,0,0,0,0
0,,0,0,0,0,0,0
0,,0,0,0,0,0,0
0,,0,0,0,0,0,0
0,,0,0,0,0,0,0
0,,0,0,0,0,0,0
0,,0,0,0,0,0,0
0,,0,0,0,0,0,0
0,,0,0,0,0,0,0
0,,0,0,0,0,0,0
0,,0,0,0,0,0,0
0,,0,0,0,0,0,0
0,,0,0,0,0,0,0
0,,0,0,0,0,0,0
0,,0,0,0,0,0,0
0,,0,0,0,0,0,0
0,,0,0,0,0,0,0
0,,0,0,0,0,0,0
0,,0,0,0,0,0,0
0,,0,0,0,0,0,0
0,,0,0,0,0,0,0
0,,0,0,0,0,0,0
0,,0,0,0,0,0,0
0,,0,0,0,0,0,0
0,,0,0,0,0,0,0
0,,0,0,0,0,0,0
0,,0,0,0,0,0,0
0,,0,0,0,0,0,0
0,,0,0,0,0,0,0
0,,0,0,0,0,0,0
0,,0,0,0,0,0,0
0,,0,0,0,0,0,0
0,,0,0,0,0,0,0
0,,0,0,0,0,0,0
0,,0,0,0,0,0,0
0,,0,0,0,0,0,0
0,,0,0,0,0,0,0
0,,0,0,0,0,0,0
0,,0,0,0,0,0,0
0,,0,0,0,0,0,0
0,,0,0,0,0,0,0
0,,0,0,0,0,0,0
0,,0,0,0,0,0,0
0,,0,0,0,0,0,0
0,,0,0,0,0,0,0
0,,0,0,0,0,0,0
0,,0,0,0,0,0,0
0,,0,0,0,0,0,0
0,,0,0,0,0,0,0
0,,0,0,0,0,0,0
0,,0,0,0,0,0,0
0,,0,0,0,0,0,0
0,,0,0,0,0,0,0
0,,0,0,0,0,0,0
0,,0,0,0,0,0,0
0,,0,0,0,0,0,0
0,,0,0,0,0,0,0
0,,0,0,0,0,0,0
0,,0,0,0,0,0,0
0,,0,0,0,0,0,0
0,,0,0,0,0,0,0
0,,0,0,0,0,0,0
0,,0,0,0,0,0,0
0,,0,0,0,0,0,0
0,,0,0,0,0,0,0
0,,0,0,0,0,0,0
0,,0,0,0,0,0,0
0,,0,0,0,0,0,0
